<?xml version="1.0" encoding="UTF-8"?>
<!-- Generated by org.testng.reporters.JUnitReportReporter -->
<testsuite hostname="DESKTOP-8S9OID7" name="testcase.Greenkarttestcase" tests="4" failures="0" timestamp="4 Aug 2020 13:23:00 GMT" time="17.057" errors="0">
  <testcase name="init" time="6.513" classname="testcase.Greenkarttestcase"/>
  <testcase name="CheckoutProcess" time="0.153" classname="testcase.Greenkarttestcase"/>
  <testcase name="ProductDetail" time="4.460" classname="testcase.Greenkarttestcase"/>
  <testcase name="ProductCart" time="5.931" classname="testcase.Greenkarttestcase"/>
</testsuite> <!-- testcase.Greenkarttestcase -->
